
signal (2): Interrupção
in expression starting at /home/leonardo/leonardosecchin.github.io/files/julia/prob.jl:1
_ZN4llvm14SpillPlacement8activateEj at /opt/julia/usr/bin/../lib/libLLVM-9jl.so (unknown line)
unknown function (ip: (nil))
Allocations: 11982103 (Pool: 11975999; Big: 6104); GC: 13

signal (11): Falha de segmentação
in expression starting at /home/leonardo/leonardosecchin.github.io/files/julia/prob.jl:1
_ZN4llvm19MachineRegisterInfo20defusechain_iteratorILb1ELb1ELb1ELb1ELb0ELb0EEC1EPNS_14MachineOperandE at /opt/julia/usr/bin/../lib/libLLVM-9jl.so (unknown line)
_ZN4llvm13LiveRangeCalc9calculateERNS_12LiveIntervalEb at /opt/julia/usr/bin/../lib/libLLVM-9jl.so (unknown line)
_ZN4llvm13LiveIntervals22computeVirtRegIntervalERNS_12LiveIntervalE at /opt/julia/usr/bin/../lib/libLLVM-9jl.so (unknown line)
_ZN4llvm13LiveIntervals11getIntervalEj at /opt/julia/usr/bin/../lib/libLLVM-9jl.so (unknown line)
_ZThn104_N12_GLOBAL__N_18RAGreedy7dequeueEv at /opt/julia/usr/bin/../lib/libLLVM-9jl.so (unknown line)
_ZN4llvm12RegAllocBase16allocatePhysRegsEv at /opt/julia/usr/bin/../lib/libLLVM-9jl.so (unknown line)
_ZN12_GLOBAL__N_18RAGreedy20runOnMachineFunctionERN4llvm15MachineFunctionE at /opt/julia/usr/bin/../lib/libLLVM-9jl.so (unknown line)
_ZN4llvm19MachineFunctionPass13runOnFunctionERNS_8FunctionE at /opt/julia/usr/bin/../lib/libLLVM-9jl.so (unknown line)
_ZN4llvm13FPPassManager13runOnFunctionERNS_8FunctionE at /opt/julia/usr/bin/../lib/libLLVM-9jl.so (unknown line)
_ZN4llvm13FPPassManager11runOnModuleERNS_6ModuleE at /opt/julia/usr/bin/../lib/libLLVM-9jl.so (unknown line)
_ZN4llvm6legacy15PassManagerImpl3runERNS_6ModuleE at /opt/julia/usr/bin/../lib/libLLVM-9jl.so (unknown line)
operator() at /opt/julia/src/jitlayers.cpp:520
addModule at /opt/julia/usr/include/llvm/ExecutionEngine/Orc/IRCompileLayer.h:93 [inlined]
addModule at /opt/julia/src/jitlayers.cpp:648
jl_add_to_ee at /opt/julia/src/jitlayers.cpp:893 [inlined]
jl_add_to_ee at /opt/julia/src/jitlayers.cpp:955
jl_add_to_ee at /opt/julia/src/jitlayers.cpp:977 [inlined]
_jl_compile_codeinst at /opt/julia/src/jitlayers.cpp:126
jl_generate_fptr at /opt/julia/src/jitlayers.cpp:302
jl_compile_method_internal at /opt/julia/src/gf.c:1964
jl_compile_method_internal at /opt/julia/src/gf.c:1931 [inlined]
_jl_invoke at /opt/julia/src/gf.c:2224 [inlined]
jl_apply_generic at /opt/julia/src/gf.c:2398
_atexit at ./initdefs.jl:316
jfptr__atexit_40407 at /opt/julia/usr/lib/julia/sys.so (unknown line)
jl_apply at /opt/julia/src/julia.h:1690 [inlined]
jl_atexit_hook at /opt/julia/src/init.c:230
jl_exit at /opt/julia/src/jl_uv.c:624
jl_exit_thread0_cb at /opt/julia/src/signals-unix.c:343
unknown function (ip: (nil))
Allocations: 11982103 (Pool: 11975999; Big: 6104); GC: 13
